Using pre-set license
Built from '2020.3/release' branch; Version is '2020.3.1f1 (77a89f25062f) revision 7841951'; Using compiler version '192528614'; Build Type 'Release'
OS: 'Windows 10 Pro; OS build 19042.928; Version 2009; 64bit' Language: 'fr' Physical Memory: 16332 MB
BatchMode: 1, IsHumanControllingUs: 0, StartBugReporterOnCrash: 0, Is64bit: 1, IsPro: 0

 COMMAND LINE ARGUMENTS:
G:\unity\Unity Hub\2020.3.1f1\Editor\Unity.exe
-adb2
-batchMode
-noUpm
-name
AssetImportWorker0
-projectPath
D:/Artfx/ADshaders/unity shaders proj/graph
-logFile
Logs/AssetImportWorker0.log
-srvPort
64899
Successfully changed project path to: D:/Artfx/ADshaders/unity shaders proj/graph
D:/Artfx/ADshaders/unity shaders proj/graph
Using Asset Import Pipeline V2.
Refreshing native plugins compatible for Editor in 34.63 ms, found 0 plugins.
Preloading 0 native plugins for Editor in 0.00 ms.
Initialize engine version: 2020.3.1f1 (77a89f25062f)
[Subsystems] Discovering subsystems at path G:/unity/Unity Hub/2020.3.1f1/Editor/Data/Resources/UnitySubsystems
[Subsystems] Discovering subsystems at path D:/Artfx/ADshaders/unity shaders proj/graph/Assets
GfxDevice: creating device client; threaded=0
Direct3D:
    Version:  Direct3D 11.0 [level 11.1]
    Renderer: Radeon RX 580 Series (ID=0x67df)
    Vendor:   
    VRAM:     4075 MB
    Driver:   27.20.1034.6
Shader 'Shader Graphs/Point URP': fallback shader 'Hidden/Shader Graph/FallbackError' not found
Shader 'Shader Graphs/Point URP GPU': fallback shader 'Hidden/Shader Graph/FallbackError' not found
Initialize mono
Mono path[0] = 'G:/unity/Unity Hub/2020.3.1f1/Editor/Data/Managed'
Mono path[1] = 'G:/unity/Unity Hub/2020.3.1f1/Editor/Data/MonoBleedingEdge/lib/mono/unityjit'
Mono config path = 'G:/unity/Unity Hub/2020.3.1f1/Editor/Data/MonoBleedingEdge/etc'
Using monoOptions --debugger-agent=transport=dt_socket,embedding=1,server=y,suspend=n,address=127.0.0.1:56760
Begin MonoManager ReloadAssembly
Registering precompiled unity dll's ...
Register platform support module: G:/unity/Unity Hub/2020.3.1f1/Editor/Data/PlaybackEngines/WindowsStandaloneSupport/UnityEditor.WindowsStandalone.Extensions.dll
Registered in 0.001168 seconds.
Native extension for WindowsStandalone target not found
Refreshing native plugins compatible for Editor in 36.50 ms, found 0 plugins.
Preloading 0 native plugins for Editor in 0.00 ms.
Invoked RoslynAnalysisRunner static constructor.
RoslynAnalysisRunner will not be running.
RoslynAnalysisRunner has terminated.
Mono: successfully reloaded assembly
- Completed reload, in  1.059 seconds
Platform modules already initialized, skipping
Registering precompiled user dll's ...
Registered in 0.000942 seconds.
Begin MonoManager ReloadAssembly
Error: Could not load signature of Packages.Rider.Editor.UnitTesting.SyncTestRunCallback:RunStarted due to: Could not load file or assembly 'nunit.framework, Version=3.5.0.0, Culture=neutral, PublicKeyToken=2638cd05610744eb' or one of its dependencies. assembly:nunit.framework, Version=3.5.0.0, Culture=neutral, PublicKeyToken=2638cd05610744eb type:<unknown type> member:(null) signature:<none>

Error: Could not load signature of UnityEngine.TestRunner.ITestRunCallback:RunStarted due to: Could not load file or assembly 'nunit.framework, Version=3.5.0.0, Culture=neutral, PublicKeyToken=2638cd05610744eb' or one of its dependencies. assembly:nunit.framework, Version=3.5.0.0, Culture=neutral, PublicKeyToken=2638cd05610744eb type:<unknown type> member:(null) signature:<none>

Unloading broken assembly Library/ScriptAssemblies/Unity.RenderPipelines.Core.Editor.dll, this assembly can cause crashes in the runtime

Unloading broken assembly Library/ScriptAssemblies/Unity.Rider.Editor.dll, this assembly can cause crashes in the runtime

Unloading broken assembly Library/ScriptAssemblies/UnityEditor.TestRunner.dll, this assembly can cause crashes in the runtime

Unloading broken assembly Library/ScriptAssemblies/UnityEngine.TestRunner.dll, this assembly can cause crashes in the runtime

Native extension for WindowsStandalone target not found
Refreshing native plugins compatible for Editor in 37.84 ms, found 0 plugins.
Preloading 0 native plugins for Editor in 0.00 ms.
TypeLoadException: Could not load array element type, due to: Could not load type of field 'Packages.Rider.Editor.UnitTesting.TestEvent:testStatus' (4) due to: Could not load file or assembly 'nunit.framework, Version=3.5.0.0, Culture=neutral, PublicKeyToken=2638cd05610744eb' or one of its dependencies. assembly:nunit.framework, Version=3.5.0.0, Culture=neutral, PublicKeyToken=2638cd05610744eb type:<unknown type> member:(null) signature:<none> assembly:D:\Artfx\ADshaders\unity shaders proj\graph\Library\ScriptAssemblies\Unity.Rider.Editor.dll type:TestEvent member:(null) signature:<none>
  at System.Collections.Generic.List`1[T]..cctor () [0x00000] in <eae584ce26bc40229c1b1aa476bfa589>:0 
Rethrow as TypeInitializationException: The type initializer for 'System.Collections.Generic.List`1' threw an exception.
  at Packages.Rider.Editor.UnitTesting.CallbackData..ctor () [0x00000] in D:\Artfx\ADshaders\unity shaders proj\graph\Library\PackageCache\com.unity.ide.rider@2.0.7\Rider\Editor\UnitTesting\CallbackData.cs:23 
UnityEngine.ScriptableObject:CreateScriptableObjectInstanceFromType(Type, Boolean)
UnityEngine.ScriptableObject:CreateInstance(Type)
UnityEngine.ScriptableObject:CreateInstance()
UnityEditor.ScriptableSingleton`1:CreateAndLoad()
UnityEditor.ScriptableSingleton`1:get_instance()
Packages.Rider.Editor.UnitTesting.CallbackInitializer:.cctor() (at Library\PackageCache\com.unity.ide.rider@2.0.7\Rider\Editor\UnitTesting\CallbackInitializer.cs:13)
System.Runtime.CompilerServices.RuntimeHelpers:RunClassConstructor(IntPtr)
System.Runtime.CompilerServices.RuntimeHelpers:RunClassConstructor(RuntimeTypeHandle)
UnityEditor.EditorAssemblies:ProcessInitializeOnLoadAttributes(Type[])

System.NullReferenceException: Object reference not set to an instance of an object
  at Packages.Rider.Editor.UnitTesting.CallbackInitializer..cctor () [0x00000] in D:\Artfx\ADshaders\unity shaders proj\graph\Library\PackageCache\com.unity.ide.rider@2.0.7\Rider\Editor\UnitTesting\CallbackInitializer.cs:13 
UnityEngine.StackTraceUtility:ExtractStackTrace ()
UnityEngine.DebugLogHandler:LogFormat (UnityEngine.LogType,UnityEngine.Object,string,object[])
UnityEngine.Logger:Log (UnityEngine.LogType,object)
UnityEngine.Debug:LogError (object)
UnityEditor.EditorAssemblies:ProcessInitializeOnLoadAttributes (System.Type[])

Invoked RoslynAnalysisRunner static constructor.
RoslynAnalysisRunner will not be running.
RoslynAnalysisRunner has terminated.
Mono: successfully reloaded assembly
- Completed reload, in  0.728 seconds
Platform modules already initialized, skipping
========================================================================
Worker process is ready to serve import requests
Shader 'Shader Graphs/Point URP GPU': fallback shader 'Hidden/Shader Graph/FallbackError' not found
Shader 'Shader Graphs/Point URP': fallback shader 'Hidden/Shader Graph/FallbackError' not found
Launched and connected shader compiler UnityShaderCompiler.exe after 0.05 seconds
Refreshing native plugins compatible for Editor in 0.48 ms, found 0 plugins.
Preloading 0 native plugins for Editor in 0.00 ms.
Unloading 9 Unused Serialized files (Serialized files now loaded: 0)
System memory in use before: 30.2 MB.
System memory in use after: 30.2 MB.

Unloading 2 unused Assets to reduce memory usage. Loaded Objects now: 452.
Total: 1.708700 ms (FindLiveObjects: 0.050700 ms CreateObjectMapping: 0.003500 ms MarkObjects: 1.606100 ms  DeleteObjects: 0.047400 ms)

========================================================================
Received Import Request.
  path: Assets/Point URP GPU.shadergraph
  artifactKey: Guid(f6621fdf3be8c6c43a0e0758fd3d3acc) Importer(815301076,1909f56bfc062723c751e8b465ee728b)
Start importing Assets/Point URP GPU.shadergraph using Guid(f6621fdf3be8c6c43a0e0758fd3d3acc) Importer(815301076,1909f56bfc062723c751e8b465ee728b)  -> (artifact id: 'd908892fc5b51a087e72973bf1c9a955') in 0.025918 seconds
  Import took 0.026698 seconds .

========================================================================
Received Import Request.
  Time since last request: 1.186350 seconds.
  path: Assets/scripts/FunctionLibrary.compute
  artifactKey: Guid(99e55ac9197a5c045bf82bf8da3813c9) Importer(815301076,1909f56bfc062723c751e8b465ee728b)
Start importing Assets/scripts/FunctionLibrary.compute using Guid(99e55ac9197a5c045bf82bf8da3813c9) Importer(815301076,1909f56bfc062723c751e8b465ee728b)  -> (artifact id: 'f425026d573e4d69b1638a95b7ff9c24') in 0.002859 seconds
  Import took 0.003457 seconds .

========================================================================
Received Prepare
Shader 'Shader Graphs/Point URP GPU': fallback shader 'Hidden/Shader Graph/FallbackError' not found
Shader 'Shader Graphs/Point URP': fallback shader 'Hidden/Shader Graph/FallbackError' not found
Refreshing native plugins compatible for Editor in 0.56 ms, found 0 plugins.
Preloading 0 native plugins for Editor in 0.00 ms.
Unloading 1 Unused Serialized files (Serialized files now loaded: 0)
System memory in use before: 29.7 MB.
System memory in use after: 29.7 MB.

Unloading 0 unused Assets to reduce memory usage. Loaded Objects now: 452.
Total: 2.098100 ms (FindLiveObjects: 0.080700 ms CreateObjectMapping: 0.004600 ms MarkObjects: 2.006400 ms  DeleteObjects: 0.004900 ms)

========================================================================
Received Import Request.
  Time since last request: 160.484235 seconds.
  path: Assets/PointSurfaceGPU.shader
  artifactKey: Guid(e1b7f76d45ecc924eab09163bfcfe94b) Importer(815301076,1909f56bfc062723c751e8b465ee728b)
Start importing Assets/PointSurfaceGPU.shader using Guid(e1b7f76d45ecc924eab09163bfcfe94b) Importer(815301076,1909f56bfc062723c751e8b465ee728b)  -> (artifact id: '1b47ed668be7b74e18786cafc6685a6a') in 0.009659 seconds
  Import took 0.011783 seconds .

========================================================================
Received Import Request.
  Time since last request: 0.004149 seconds.
  path: Assets/PointSurfaceGPU.shader
  artifactKey: Guid(e1b7f76d45ecc924eab09163bfcfe94b) Importer(815301076,1909f56bfc062723c751e8b465ee728b)
Start importing Assets/PointSurfaceGPU.shader using Guid(e1b7f76d45ecc924eab09163bfcfe94b) Importer(815301076,1909f56bfc062723c751e8b465ee728b)  -> (artifact id: '1b47ed668be7b74e18786cafc6685a6a') in 0.004056 seconds
  Import took 0.005746 seconds .

========================================================================
Received Import Request.
  Time since last request: 1.624990 seconds.
  path: Assets/Point URP.shadergraph
  artifactKey: Guid(1615994286c58cc4083c227856195e50) Importer(815301076,1909f56bfc062723c751e8b465ee728b)
Start importing Assets/Point URP.shadergraph using Guid(1615994286c58cc4083c227856195e50) Importer(815301076,1909f56bfc062723c751e8b465ee728b)  -> (artifact id: 'd4b761b0599ac6e861f404227911761f') in 0.001675 seconds
  Import took 0.002276 seconds .

========================================================================
Received Import Request.
  Time since last request: 0.000258 seconds.
  path: Assets/Point URP.shadergraph
  artifactKey: Guid(1615994286c58cc4083c227856195e50) Importer(815301076,1909f56bfc062723c751e8b465ee728b)
Start importing Assets/Point URP.shadergraph using Guid(1615994286c58cc4083c227856195e50) Importer(815301076,1909f56bfc062723c751e8b465ee728b)  -> (artifact id: 'd4b761b0599ac6e861f404227911761f') in 0.001741 seconds
  Import took 0.002309 seconds .

========================================================================
Received Import Request.
  Time since last request: 5.821322 seconds.
  path: Assets/scripts/FunctionLibrary.cs
  artifactKey: Guid(4b8c86eb4bff68340aaf2ef93da944c8) Importer(815301076,1909f56bfc062723c751e8b465ee728b)
Start importing Assets/scripts/FunctionLibrary.cs using Guid(4b8c86eb4bff68340aaf2ef93da944c8) Importer(815301076,1909f56bfc062723c751e8b465ee728b)  -> (artifact id: 'f7190f258d47b5e4cd9edbe0479d5ba2') in 0.047145 seconds
  Import took 0.047822 seconds .

========================================================================
Received Prepare
Registering precompiled user dll's ...
Registered in 0.001230 seconds.
Begin MonoManager ReloadAssembly
Native extension for WindowsStandalone target not found
Refreshing native plugins compatible for Editor in 0.48 ms, found 0 plugins.
Preloading 0 native plugins for Editor in 0.00 ms.
Invoked RoslynAnalysisRunner static constructor.
RoslynAnalysisRunner will not be running.
RoslynAnalysisRunner has terminated.
Mono: successfully reloaded assembly
- Completed reload, in  0.759 seconds
Platform modules already initialized, skipping
Shader 'Universal Render Pipeline/Particles/Lit': fallback shader 'Universal Render Pipeline/Particles/SimpleLit' not found
Shader 'Universal Render Pipeline/Particles/Lit': fallback shader 'Universal Render Pipeline/Particles/SimpleLit' not found
Refreshing native plugins compatible for Editor in 0.48 ms, found 0 plugins.
Preloading 0 native plugins for Editor in 0.00 ms.
Unloading 2367 Unused Serialized files (Serialized files now loaded: 0)
System memory in use before: 108.3 MB.
System memory in use after: 104.2 MB.

Unloading 60 unused Assets to reduce memory usage. Loaded Objects now: 2765.
Total: 4.226300 ms (FindLiveObjects: 0.333100 ms CreateObjectMapping: 0.056700 ms MarkObjects: 1.797300 ms  DeleteObjects: 2.038200 ms)

AssetImportParameters requested are different than current active one (requested -> active):
  custom:srp/default-shader: 00a0da0d000000000000000000000000 -> 0000e00a000e0de00000e000e0000000
========================================================================
Received Prepare
Shader 'Universal Render Pipeline/Particles/Lit': fallback shader 'Universal Render Pipeline/Particles/SimpleLit' not found
Shader 'Universal Render Pipeline/Particles/Lit': fallback shader 'Universal Render Pipeline/Particles/SimpleLit' not found
Refreshing native plugins compatible for Editor in 1.21 ms, found 0 plugins.
Preloading 0 native plugins for Editor in 0.00 ms.
Unloading 59 Unused Serialized files (Serialized files now loaded: 0)
System memory in use before: 62.5 MB.
System memory in use after: 58.5 MB.

Unloading 59 unused Assets to reduce memory usage. Loaded Objects now: 2765.
Total: 4.129000 ms (FindLiveObjects: 0.368900 ms CreateObjectMapping: 0.064300 ms MarkObjects: 1.624000 ms  DeleteObjects: 2.070700 ms)

========================================================================
Received Prepare
Registering precompiled user dll's ...
Registered in 0.001436 seconds.
Begin MonoManager ReloadAssembly
Native extension for WindowsStandalone target not found
Refreshing native plugins compatible for Editor in 0.52 ms, found 0 plugins.
Preloading 0 native plugins for Editor in 0.00 ms.
Invoked RoslynAnalysisRunner static constructor.
RoslynAnalysisRunner will not be running.
RoslynAnalysisRunner has terminated.
Mono: successfully reloaded assembly
- Completed reload, in  0.780 seconds
Platform modules already initialized, skipping
Shader 'Universal Render Pipeline/Particles/Lit': fallback shader 'Universal Render Pipeline/Particles/SimpleLit' not found
Shader 'Universal Render Pipeline/Particles/Lit': fallback shader 'Universal Render Pipeline/Particles/SimpleLit' not found
Refreshing native plugins compatible for Editor in 0.47 ms, found 0 plugins.
Preloading 0 native plugins for Editor in 0.00 ms.
Unloading 2363 Unused Serialized files (Serialized files now loaded: 0)
System memory in use before: 108.3 MB.
System memory in use after: 104.3 MB.

Unloading 61 unused Assets to reduce memory usage. Loaded Objects now: 2768.
Total: 4.113800 ms (FindLiveObjects: 0.338100 ms CreateObjectMapping: 0.055500 ms MarkObjects: 1.611900 ms  DeleteObjects: 2.106800 ms)

AssetImportWorkerClient::OnTransportError - code=2 error=End of file
